Determining if the pthread_create exist failed with the following output:
Change Dir: /home/alfie/ROCO_318/ROCO318_Phidget1044_CW/build/CMakeFiles/CMakeTmp

Run Build Command:"/usr/bin/make" "cmTC_180bd/fast"
/usr/bin/make -f CMakeFiles/cmTC_180bd.dir/build.make CMakeFiles/cmTC_180bd.dir/build
make[1]: Entering directory '/home/alfie/ROCO_318/ROCO318_Phidget1044_CW/build/CMakeFiles/CMakeTmp'
Building C object CMakeFiles/cmTC_180bd.dir/CheckSymbolExists.c.o
/usr/bin/cc     -o CMakeFiles/cmTC_180bd.dir/CheckSymbolExists.c.o   -c /home/alfie/ROCO_318/ROCO318_Phidget1044_CW/build/CMakeFiles/CMakeTmp/CheckSymbolExists.c
Linking C executable cmTC_180bd
/usr/bin/cmake -E cmake_link_script CMakeFiles/cmTC_180bd.dir/link.txt --verbose=1
/usr/bin/cc       CMakeFiles/cmTC_180bd.dir/CheckSymbolExists.c.o  -o cmTC_180bd -rdynamic 
CMakeFiles/cmTC_180bd.dir/CheckSymbolExists.c.o: In function `main':
CheckSymbolExists.c:(.text+0x16): undefined reference to `pthread_create'
collect2: error: ld returned 1 exit status
CMakeFiles/cmTC_180bd.dir/build.make:97: recipe for target 'cmTC_180bd' failed
make[1]: *** [cmTC_180bd] Error 1
make[1]: Leaving directory '/home/alfie/ROCO_318/ROCO318_Phidget1044_CW/build/CMakeFiles/CMakeTmp'
Makefile:126: recipe for target 'cmTC_180bd/fast' failed
make: *** [cmTC_180bd/fast] Error 2

File /home/alfie/ROCO_318/ROCO318_Phidget1044_CW/build/CMakeFiles/CMakeTmp/CheckSymbolExists.c:
/* */
#include <pthread.h>

int main(int argc, char** argv)
{
  (void)argv;
#ifndef pthread_create
  return ((int*)(&pthread_create))[argc];
#else
  (void)argc;
  return 0;
#endif
}

Determining if the function pthread_create exists in the pthreads failed with the following output:
Change Dir: /home/alfie/ROCO_318/ROCO318_Phidget1044_CW/build/CMakeFiles/CMakeTmp

Run Build Command:"/usr/bin/make" "cmTC_e55fb/fast"
/usr/bin/make -f CMakeFiles/cmTC_e55fb.dir/build.make CMakeFiles/cmTC_e55fb.dir/build
make[1]: Entering directory '/home/alfie/ROCO_318/ROCO318_Phidget1044_CW/build/CMakeFiles/CMakeTmp'
Building C object CMakeFiles/cmTC_e55fb.dir/CheckFunctionExists.c.o
/usr/bin/cc    -DCHECK_FUNCTION_EXISTS=pthread_create   -o CMakeFiles/cmTC_e55fb.dir/CheckFunctionExists.c.o   -c /usr/share/cmake-3.5/Modules/CheckFunctionExists.c
Linking C executable cmTC_e55fb
/usr/bin/cmake -E cmake_link_script CMakeFiles/cmTC_e55fb.dir/link.txt --verbose=1
/usr/bin/cc   -DCHECK_FUNCTION_EXISTS=pthread_create    CMakeFiles/cmTC_e55fb.dir/CheckFunctionExists.c.o  -o cmTC_e55fb -rdynamic -lpthreads 
/usr/bin/ld: cannot find -lpthreads
collect2: error: ld returned 1 exit status
CMakeFiles/cmTC_e55fb.dir/build.make:97: recipe for target 'cmTC_e55fb' failed
make[1]: *** [cmTC_e55fb] Error 1
make[1]: Leaving directory '/home/alfie/ROCO_318/ROCO318_Phidget1044_CW/build/CMakeFiles/CMakeTmp'
Makefile:126: recipe for target 'cmTC_e55fb/fast' failed
make: *** [cmTC_e55fb/fast] Error 2


